

Microchip MPLAB XC8 Assembler V2.45 build 20230818022343 
                                                                                               Fri Apr 11 20:53:10 2025

Microchip MPLAB XC8 C Compiler v2.45 (Free license) build 20230818022343 Og1 
     1                           	processor	16F877A
     2                           	pagewidth 120
     3                           	opt	flic
     4                           	psect	cinit,global,class=CODE,merge=1,delta=2
     5                           	psect	cstackCOMMON,global,class=COMMON,space=1,delta=1,noexec
     6                           	psect	maintext,global,class=CODE,split=1,delta=2
     7                           	psect	text1,local,class=CODE,merge=1,delta=2
     8                           	psect	text2,local,class=CODE,merge=1,delta=2
     9                           	psect	config,global,abs,ovrld,class=CONFIG,space=4,delta=2,noexec
    10                           	dabs	1,0x7E,2
    11     0000                     
    12                           ; Generated 22/03/2023 GMT
    13                           ; 
    14                           ; Copyright © 2023, Microchip Technology Inc. and its subsidiaries ("Microchip")
    15                           ; All rights reserved.
    16                           ; 
    17                           ; This software is developed by Microchip Technology Inc. and its subsidiaries ("Microch
      +                          ip").
    18                           ; 
    19                           ; Redistribution and use in source and binary forms, with or without modification, are
    20                           ; permitted provided that the following conditions are met:
    21                           ; 
    22                           ;     1. Redistributions of source code must retain the above copyright notice, this lis
      +                          t of
    23                           ;        conditions and the following disclaimer.
    24                           ; 
    25                           ;     2. Redistributions in binary form must reproduce the above copyright notice, this 
      +                          list
    26                           ;        of conditions and the following disclaimer in the documentation and/or other
    27                           ;        materials provided with the distribution. Publication is not required when
    28                           ;        this file is used in an embedded application.
    29                           ; 
    30                           ;     3. Microchip's name may not be used to endorse or promote products derived from th
      +                          is
    31                           ;        software without specific prior written permission.
    32                           ; 
    33                           ; THIS SOFTWARE IS PROVIDED BY MICROCHIP "AS IS" AND ANY EXPRESS OR IMPLIED WARRANTIES,
    34                           ; INCLUDING, BUT NOT LIMITED TO, THE IMPLIED WARRANTIES OF MERCHANTABILITY AND FITNESS F
      +                          OR
    35                           ; PURPOSE ARE DISCLAIMED.  IN NO EVENT SHALL MICROCHIP BE LIABLE FOR ANY DIRECT, INDIREC
      +                          T,
    36                           ; INCIDENTAL, SPECIAL, EXEMPLARY, OR CONSEQUENTIAL DAMAGES (INCLUDING BUT NOT LIMITED TO
    37                           ; PROCUREMENT OF SUBSTITUTE GOODS OR SERVICES; LOSS OF USE, DATA OR PROFITS; OR BUSINESS
    38                           ; INTERRUPTION) HOWSOEVER CAUSED AND ON ANY THEORY OF LIABILITY, WHETHER IN CONTRACT, ST
      +                          RICT
    39                           ; LIABILITY, OR TORT (INCLUDING NEGLIGENCE OR OTHERWISE) ARISING IN ANY WAY OUT OF THE U
      +                          SE OF
    40                           ; THIS SOFTWARE, EVEN IF ADVISED OF THE POSSIBILITY OF SUCH DAMAGE.
    41                           ; 
    42                           ; 
    43                           ; Code-generator required, PIC16F877A Definitions
    44                           ; 
    45                           ; SFR Addresses
    46     0000                     	;# 
    47     0001                     	;# 
    48     0002                     	;# 
    49     0003                     	;# 
    50     0004                     	;# 
    51     0005                     	;# 
    52     0006                     	;# 
    53     0007                     	;# 
    54     0008                     	;# 
    55     0009                     	;# 
    56     000A                     	;# 
    57     000B                     	;# 
    58     000C                     	;# 
    59     000D                     	;# 
    60     000E                     	;# 
    61     000E                     	;# 
    62     000F                     	;# 
    63     0010                     	;# 
    64     0011                     	;# 
    65     0012                     	;# 
    66     0013                     	;# 
    67     0014                     	;# 
    68     0015                     	;# 
    69     0015                     	;# 
    70     0016                     	;# 
    71     0017                     	;# 
    72     0018                     	;# 
    73     0019                     	;# 
    74     001A                     	;# 
    75     001B                     	;# 
    76     001B                     	;# 
    77     001C                     	;# 
    78     001D                     	;# 
    79     001E                     	;# 
    80     001F                     	;# 
    81     0081                     	;# 
    82     0085                     	;# 
    83     0086                     	;# 
    84     0087                     	;# 
    85     0088                     	;# 
    86     0089                     	;# 
    87     008C                     	;# 
    88     008D                     	;# 
    89     008E                     	;# 
    90     0091                     	;# 
    91     0092                     	;# 
    92     0093                     	;# 
    93     0094                     	;# 
    94     0098                     	;# 
    95     0099                     	;# 
    96     009C                     	;# 
    97     009D                     	;# 
    98     009E                     	;# 
    99     009F                     	;# 
   100     010C                     	;# 
   101     010D                     	;# 
   102     010E                     	;# 
   103     010F                     	;# 
   104     018C                     	;# 
   105     018D                     	;# 
   106     0000                     	;# 
   107     0001                     	;# 
   108     0002                     	;# 
   109     0003                     	;# 
   110     0004                     	;# 
   111     0005                     	;# 
   112     0006                     	;# 
   113     0007                     	;# 
   114     0008                     	;# 
   115     0009                     	;# 
   116     000A                     	;# 
   117     000B                     	;# 
   118     000C                     	;# 
   119     000D                     	;# 
   120     000E                     	;# 
   121     000E                     	;# 
   122     000F                     	;# 
   123     0010                     	;# 
   124     0011                     	;# 
   125     0012                     	;# 
   126     0013                     	;# 
   127     0014                     	;# 
   128     0015                     	;# 
   129     0015                     	;# 
   130     0016                     	;# 
   131     0017                     	;# 
   132     0018                     	;# 
   133     0019                     	;# 
   134     001A                     	;# 
   135     001B                     	;# 
   136     001B                     	;# 
   137     001C                     	;# 
   138     001D                     	;# 
   139     001E                     	;# 
   140     001F                     	;# 
   141     0081                     	;# 
   142     0085                     	;# 
   143     0086                     	;# 
   144     0087                     	;# 
   145     0088                     	;# 
   146     0089                     	;# 
   147     008C                     	;# 
   148     008D                     	;# 
   149     008E                     	;# 
   150     0091                     	;# 
   151     0092                     	;# 
   152     0093                     	;# 
   153     0094                     	;# 
   154     0098                     	;# 
   155     0099                     	;# 
   156     009C                     	;# 
   157     009D                     	;# 
   158     009E                     	;# 
   159     009F                     	;# 
   160     010C                     	;# 
   161     010D                     	;# 
   162     010E                     	;# 
   163     010F                     	;# 
   164     018C                     	;# 
   165     018D                     	;# 
   166     000B                     _INTCONbits	set	11
   167     000C                     _PIR1bits	set	12
   168     0014                     _SSPCON	set	20
   169     0087                     _TRISCbits	set	135
   170     0091                     _SSPCON2bits	set	145
   171     0093                     _SSPADD	set	147
   172                           
   173                           	psect	cinit
   174     07FC                     start_initialization:	
   175                           ; #config settings
   176                           
   177     07FC                     __initialization:
   178     07FC                     end_of_initialization:	
   179                           ;End of C runtime variable initialization code
   180                           
   181     07FC                     __end_of__initialization:
   182     07FC  0183               	clrf	3
   183     07FD  120A  118A  2FD8   	ljmp	_main	;jump to C main() function
   184                           
   185                           	psect	cstackCOMMON
   186     0070                     __pcstackCOMMON:
   187     0070                     ?_I2C_Init:
   188     0070                     ?_Start_Bit:	
   189                           ; 1 bytes @ 0x0
   190                           
   191     0070                     ??_Start_Bit:	
   192                           ; 1 bytes @ 0x0
   193                           
   194     0070                     ?_main:	
   195                           ; 1 bytes @ 0x0
   196                           
   197     0070                     I2C_Init@clock_init_value:	
   198                           ; 1 bytes @ 0x0
   199                           
   200                           
   201                           ; 2 bytes @ 0x0
   202     0070                     	ds	2
   203     0072                     ??_I2C_Init:
   204     0072                     ??_main:	
   205                           ; 1 bytes @ 0x2
   206                           
   207                           
   208                           ; 1 bytes @ 0x2
   209     0072                     	ds	2
   210                           
   211                           	psect	maintext
   212     07D8                     __pmaintext:	
   213 ;;
   214 ;;Main: autosize = 0, tempsize = 2, incstack = 0, save=0
   215 ;;
   216 ;; *************** function _main *****************
   217 ;; Defined at:
   218 ;;		line 25 in file "main.c"
   219 ;; Parameters:    Size  Location     Type
   220 ;;		None
   221 ;; Auto vars:     Size  Location     Type
   222 ;;  clock_init_v    2    0        int 
   223 ;; Return value:  Size  Location     Type
   224 ;;                  1    wreg      void 
   225 ;; Registers used:
   226 ;;		wreg, status,2, status,0, pclath, cstack
   227 ;; Tracked objects:
   228 ;;		On entry : B00/0
   229 ;;		On exit  : 0/0
   230 ;;		Unchanged: 0/0
   231 ;; Data sizes:     COMMON   BANK0   BANK1   BANK3   BANK2
   232 ;;      Params:         0       0       0       0       0
   233 ;;      Locals:         0       0       0       0       0
   234 ;;      Temps:          2       0       0       0       0
   235 ;;      Totals:         2       0       0       0       0
   236 ;;Total ram usage:        2 bytes
   237 ;; Hardware stack levels required when called: 1
   238 ;; This function calls:
   239 ;;		_I2C_Init
   240 ;;		_Start_Bit
   241 ;; This function is called by:
   242 ;;		Startup code after reset
   243 ;; This function uses a non-reentrant model
   244 ;;
   245                           
   246     07D8                     _main:	
   247                           ;psect for function _main
   248                           
   249     07D8                     l589:	
   250                           ;incstack = 0
   251                           ; Regs used in _main: [wreg+status,2+status,0+pclath+cstack]
   252                           
   253                           
   254                           ;main.c: 26:     }
   255     07D8  178B               	bsf	11,7	;volatile
   256                           
   257                           ;main.c: 27: 
   258     07D9  170B               	bsf	11,6	;volatile
   259                           
   260                           ;main.c: 29: }
   261     07DA  1283               	bcf	3,5	;RP0=0, select bank0
   262     07DB  1303               	bcf	3,6	;RP1=0, select bank0
   263     07DC  118C               	bcf	12,3	;volatile
   264     07DD  1683               	bsf	3,5	;RP0=1, select bank1
   265     07DE  1303               	bcf	3,6	;RP1=0, select bank1
   266     07DF  1187               	bcf	7,3	;volatile
   267     07E0  1207               	bcf	7,4	;volatile
   268     07E1                     l591:
   269     07E1                     l593:
   270     07E1  3031               	movlw	49
   271     07E2  00F0               	movwf	I2C_Init@clock_init_value
   272     07E3  3000               	movlw	0
   273     07E4  00F1               	movwf	I2C_Init@clock_init_value+1
   274     07E5  120A  118A  27C4  120A  118A  	fcall	_I2C_Init
   275     07EA                     l28:
   276     07EA  120A  118A  27CD  120A  118A  	fcall	_Start_Bit
   277     07EF                     l595:
   278     07EF  3082               	movlw	130
   279     07F0  00F3               	movwf	??_main+1
   280     07F1  30DD               	movlw	221
   281     07F2  00F2               	movwf	??_main
   282     07F3                     u27:
   283     07F3  0BF2               	decfsz	??_main,f
   284     07F4  2FF3               	goto	u27
   285     07F5  0BF3               	decfsz	??_main+1,f
   286     07F6  2FF3               	goto	u27
   287     07F7  2FF8               	nop2
   288     07F8  2FEA               	goto	l28
   289     07F9  120A  118A  2800   	ljmp	start
   290     07FC                     __end_of_main:
   291                           
   292                           	psect	text1
   293     07CD                     __ptext1:	
   294 ;; *************** function _Start_Bit *****************
   295 ;; Defined at:
   296 ;;		line 19 in file "main.c"
   297 ;; Parameters:    Size  Location     Type
   298 ;;		None
   299 ;; Auto vars:     Size  Location     Type
   300 ;;		None
   301 ;; Return value:  Size  Location     Type
   302 ;;                  1    wreg      void 
   303 ;; Registers used:
   304 ;;		None
   305 ;; Tracked objects:
   306 ;;		On entry : 0/0
   307 ;;		On exit  : 0/0
   308 ;;		Unchanged: 0/0
   309 ;; Data sizes:     COMMON   BANK0   BANK1   BANK3   BANK2
   310 ;;      Params:         0       0       0       0       0
   311 ;;      Locals:         0       0       0       0       0
   312 ;;      Temps:          0       0       0       0       0
   313 ;;      Totals:         0       0       0       0       0
   314 ;;Total ram usage:        0 bytes
   315 ;; Hardware stack levels used: 1
   316 ;; This function calls:
   317 ;;		Nothing
   318 ;; This function is called by:
   319 ;;		_main
   320 ;; This function uses a non-reentrant model
   321 ;;
   322                           
   323     07CD                     _Start_Bit:	
   324                           ;psect for function _Start_Bit
   325                           
   326     07CD                     l577:	
   327                           ;incstack = 0
   328                           ; Regs used in _Start_Bit: []
   329                           
   330                           
   331                           ;main.c: 20:     int clock_init_value = 49;
   332     07CD  1683               	bsf	3,5	;RP0=1, select bank1
   333     07CE  1303               	bcf	3,6	;RP1=0, select bank1
   334     07CF  1411               	bsf	17,0	;volatile
   335     07D0                     l20:	
   336                           ;main.c: 21:     I2C_Init(clock_init_value);
   337                           
   338     07D0  1811               	btfsc	17,0	;volatile
   339     07D1  2FD3               	goto	u11
   340     07D2  2FD4               	goto	u10
   341     07D3                     u11:
   342     07D3  2FD0               	goto	l20
   343     07D4                     u10:
   344     07D4                     l22:
   345                           
   346                           ;main.c: 22: 
   347     07D4  1283               	bcf	3,5	;RP0=0, select bank0
   348     07D5  1303               	bcf	3,6	;RP1=0, select bank0
   349     07D6  118C               	bcf	12,3	;volatile
   350     07D7                     l23:
   351     07D7  0008               	return
   352     07D8                     __end_of_Start_Bit:
   353                           
   354                           	psect	text2
   355     07C4                     __ptext2:	
   356 ;; *************** function _I2C_Init *****************
   357 ;; Defined at:
   358 ;;		line 14 in file "main.c"
   359 ;; Parameters:    Size  Location     Type
   360 ;;  clock_init_v    2    0[COMMON] int 
   361 ;; Auto vars:     Size  Location     Type
   362 ;;		None
   363 ;; Return value:  Size  Location     Type
   364 ;;                  1    wreg      void 
   365 ;; Registers used:
   366 ;;		wreg
   367 ;; Tracked objects:
   368 ;;		On entry : 0/0
   369 ;;		On exit  : 0/0
   370 ;;		Unchanged: 0/0
   371 ;; Data sizes:     COMMON   BANK0   BANK1   BANK3   BANK2
   372 ;;      Params:         2       0       0       0       0
   373 ;;      Locals:         0       0       0       0       0
   374 ;;      Temps:          0       0       0       0       0
   375 ;;      Totals:         2       0       0       0       0
   376 ;;Total ram usage:        2 bytes
   377 ;; Hardware stack levels used: 1
   378 ;; This function calls:
   379 ;;		Nothing
   380 ;; This function is called by:
   381 ;;		_main
   382 ;; This function uses a non-reentrant model
   383 ;;
   384                           
   385     07C4                     _I2C_Init:	
   386                           ;psect for function _I2C_Init
   387                           
   388     07C4                     l587:	
   389                           ;incstack = 0
   390                           ; Regs used in _I2C_Init: [wreg]
   391                           
   392                           
   393                           ;main.c: 15:     PIR1bits.SSPIF = 0;
   394     07C4  0870               	movf	I2C_Init@clock_init_value,w
   395     07C5  1683               	bsf	3,5	;RP0=1, select bank1
   396     07C6  1303               	bcf	3,6	;RP1=0, select bank1
   397     07C7  0093               	movwf	19	;volatile
   398                           
   399                           ;main.c: 16: 
   400     07C8  3028               	movlw	40
   401     07C9  1283               	bcf	3,5	;RP0=0, select bank0
   402     07CA  1303               	bcf	3,6	;RP1=0, select bank0
   403     07CB  0094               	movwf	20	;volatile
   404     07CC                     l17:
   405     07CC  0008               	return
   406     07CD                     __end_of_I2C_Init:
   407     007E                     btemp	set	126	;btemp
   408     007E                     wtemp0	set	126
   409                           
   410                           	psect	config
   411                           
   412                           ;Config register CONFIG @ 0x2007
   413                           ;	Oscillator Selection bits
   414                           ;	FOSC = HS, HS oscillator
   415                           ;	Watchdog Timer Enable bit
   416                           ;	WDTE = OFF, WDT disabled
   417                           ;	Power-up Timer Enable bit
   418                           ;	PWRTE = OFF, PWRT disabled
   419                           ;	Brown-out Reset Enable bit
   420                           ;	BOREN = OFF, BOR disabled
   421                           ;	Low-Voltage (Single-Supply) In-Circuit Serial Programming Enable bit
   422                           ;	LVP = ON, RB3/PGM pin has PGM function; low-voltage programming enabled
   423                           ;	Data EEPROM Memory Code Protection bit
   424                           ;	CPD = OFF, Data EEPROM code protection off
   425                           ;	Flash Program Memory Write Enable bits
   426                           ;	WRT = OFF, Write protection off; all program memory may be written to by EECON control
   427                           ;	In-Circuit Debugger Mode bit
   428                           ;	DEBUG = 0x1, unprogrammed default
   429                           ;	Flash Program Memory Code Protection bit
   430                           ;	CP = OFF, Code protection off
   431     2007                     	org	8199
   432     2007  3FBA               	dw	16314

Data Sizes:
    Strings     0
    Constant    0
    Data        0
    BSS         0
    Persistent  0
    Stack       0

Auto Spaces:
    Space          Size  Autos    Used
    COMMON           14      4       4
    BANK0            80      0       0
    BANK1            80      0       0
    BANK3            96      0       0
    BANK2            96      0       0

Pointer List with Targets:

    None.

Critical Paths under _main in COMMON

    _main->_I2C_Init

Critical Paths under _main in BANK0

    None.

Critical Paths under _main in BANK1

    None.

Critical Paths under _main in BANK3

    None.

Critical Paths under _main in BANK2

    None.

Call Graph Tables:

 ---------------------------------------------------------------------------------
 (Depth) Function   	        Calls       Base Space   Used Autos Params    Refs
 ---------------------------------------------------------------------------------
 (0) _main                                                 4     4      0     121
                                              2 COMMON     2     2      0
                           _I2C_Init
                          _Start_Bit
 ---------------------------------------------------------------------------------
 (1) _Start_Bit                                            0     0      0       0
 ---------------------------------------------------------------------------------
 (1) _I2C_Init                                             2     0      2      98
                                              0 COMMON     2     0      2
 ---------------------------------------------------------------------------------
 Estimated maximum stack depth 1
 ---------------------------------------------------------------------------------

 Call Graph Graphs:

 _main (ROOT)
   _I2C_Init
   _Start_Bit

 Address spaces:
Name               Size   Autos  Total    Cost      Usage
BITCOMMON            E      0       0       0        0.0%
EEDATA             100      0       0       0        0.0%
NULL                 0      0       0       0        0.0%
CODE                 0      0       0       0        0.0%
COMMON               E      4       4       1       28.6%
BITSFR0              0      0       0       1        0.0%
SFR0                 0      0       0       1        0.0%
BITSFR1              0      0       0       2        0.0%
SFR1                 0      0       0       2        0.0%
STACK                0      0       0       2        0.0%
ABS                  0      0       0       3        0.0%
BITBANK0            50      0       0       4        0.0%
BITSFR3              0      0       0       4        0.0%
SFR3                 0      0       0       4        0.0%
BANK0               50      0       0       5        0.0%
BITSFR2              0      0       0       5        0.0%
SFR2                 0      0       0       5        0.0%
BITBANK1            50      0       0       6        0.0%
BANK1               50      0       0       7        0.0%
BITBANK3            60      0       0       8        0.0%
BANK3               60      0       0       9        0.0%
BITBANK2            60      0       0      10        0.0%
BANK2               60      0       0      11        0.0%
DATA                 0      0       0      12        0.0%


Microchip Technology PIC Macro Assembler V2.45 build 20230818022343 
Symbol Table                                                                                   Fri Apr 11 20:53:10 2025

                      l20 07D0                        l22 07D4                        l23 07D7  
                      l17 07CC                        l28 07EA                        u10 07D4  
                      u11 07D3                        u27 07F3                       l591 07E1  
                     l577 07CD                       l593 07E1                       l587 07C4  
                     l595 07EF                       l589 07D8                      _main 07D8  
        __end_of_I2C_Init 07CD                      btemp 007E                      start 0000  
                   ?_main 0070                     status 0003                     wtemp0 007E  
         __initialization 07FC              __end_of_main 07FC                    ??_main 0072  
                  _SSPADD 0093                    _SSPCON 0014                 ?_I2C_Init 0070  
 __end_of__initialization 07FC            __pcstackCOMMON 0070                ??_I2C_Init 0072  
              __pmaintext 07D8         __end_of_Start_Bit 07D8                   __ptext1 07CD  
                 __ptext2 07C4  I2C_Init@clock_init_value 0070      end_of_initialization 07FC  
               _TRISCbits 0087       start_initialization 07FC                 _Start_Bit 07CD  
               ___latbits 0002                ?_Start_Bit 0070                  _I2C_Init 07C4  
                _PIR1bits 000C               ??_Start_Bit 0070                _INTCONbits 000B  
             _SSPCON2bits 0091  
